# JRE version: OpenJDK Runtime Environment (8.0_212-b04) (build 1.8.0_212-release-1586-b04)
# Java VM: OpenJDK 64-Bit Server VM (25.212-b04 mixed mode windows-amd64 compressed oops)
Heap:
 PSYoungGen      total 330752K, used 94766K [0x00000000d5580000, 0x00000000ef400000, 0x0000000100000000)
  eden space 295936K, 20% used [0x00000000d5580000,0x00000000d900ebd8,0x00000000e7680000)
  from space 34816K, 99% used [0x00000000e7680000,0x00000000e987cef0,0x00000000e9880000)
  to   space 42496K, 0% used [0x00000000eca80000,0x00000000eca80000,0x00000000ef400000)
 ParOldGen       total 351232K, used 54838K [0x0000000080000000, 0x0000000095700000, 0x00000000d5580000)
  object space 351232K, 15% used [0x0000000080000000,0x000000008358daa0,0x0000000095700000)
 Metaspace       used 79212K, capacity 84700K, committed 85016K, reserved 1122304K
  class space    used 10921K, capacity 11964K, committed 12080K, reserved 1048576K
GC Heap History (10 events):
Event: 3.832 GC heap before
{Heap before GC invocations=8 (full 2):
 PSYoungGen      total 209920K, used 185191K [0x00000000d5580000, 0x00000000e7880000, 0x0000000100000000)
  eden space 188416K, 87% used [0x00000000d5580000,0x00000000df5b4ad8,0x00000000e0d80000)
  from space 21504K, 98% used [0x00000000e0d80000,0x00000000e2225420,0x00000000e2280000)
  to   space 21504K, 0% used [0x00000000e6380000,0x00000000e6380000,0x00000000e7880000)
 ParOldGen       total 351232K, used 17543K [0x0000000080000000, 0x0000000095700000, 0x00000000d5580000)
  object space 351232K, 4% used [0x0000000080000000,0x0000000081121d68,0x0000000095700000)
 Metaspace       used 56639K, capacity 58950K, committed 59160K, reserved 1099776K
  class space    used 7690K, capacity 8212K, committed 8240K, reserved 1048576K
Event: 3.844 GC heap after
Heap after GC invocations=8 (full 2):
 PSYoungGen      total 269824K, used 21494K [0x00000000d5580000, 0x00000000e8800000, 0x0000000100000000)
  eden space 248320K, 0% used [0x00000000d5580000,0x00000000d5580000,0x00000000e4800000)
  from space 21504K, 99% used [0x00000000e6380000,0x00000000e787da18,0x00000000e7880000)
  to   space 28160K, 0% used [0x00000000e4800000,0x00000000e4800000,0x00000000e6380000)
 ParOldGen       total 351232K, used 23754K [0x0000000080000000, 0x0000000095700000, 0x00000000d5580000)
  object space 351232K, 6% used [0x0000000080000000,0x0000000081732a50,0x0000000095700000)
 Metaspace       used 56639K, capacity 58950K, committed 59160K, reserved 1099776K
  class space    used 7690K, capacity 8212K, committed 8240K, reserved 1048576K
}
Event: 3.844 GC heap before
{Heap before GC invocations=9 (full 3):
 PSYoungGen      total 269824K, used 21494K [0x00000000d5580000, 0x00000000e8800000, 0x0000000100000000)
  eden space 248320K, 0% used [0x00000000d5580000,0x00000000d5580000,0x00000000e4800000)
  from space 21504K, 99% used [0x00000000e6380000,0x00000000e787da18,0x00000000e7880000)
  to   space 28160K, 0% used [0x00000000e4800000,0x00000000e4800000,0x00000000e6380000)
 ParOldGen       total 351232K, used 23754K [0x0000000080000000, 0x0000000095700000, 0x00000000d5580000)
  object space 351232K, 6% used [0x0000000080000000,0x0000000081732a50,0x0000000095700000)
 Metaspace       used 56639K, capacity 58950K, committed 59160K, reserved 1099776K
  class space    used 7690K, capacity 8212K, committed 8240K, reserved 1048576K
Event: 3.990 GC heap after
Heap after GC invocations=9 (full 3):
 PSYoungGen      total 269824K, used 0K [0x00000000d5580000, 0x00000000e8800000, 0x0000000100000000)
  eden space 248320K, 0% used [0x00000000d5580000,0x00000000d5580000,0x00000000e4800000)
  from space 21504K, 0% used [0x00000000e6380000,0x00000000e6380000,0x00000000e7880000)
  to   space 28160K, 0% used [0x00000000e4800000,0x00000000e4800000,0x00000000e6380000)
 ParOldGen       total 351232K, used 42177K [0x0000000080000000, 0x0000000095700000, 0x00000000d5580000)
  object space 351232K, 12% used [0x0000000080000000,0x0000000082930488,0x0000000095700000)
 Metaspace       used 56555K, capacity 58674K, committed 59160K, reserved 1099776K
  class space    used 7665K, capacity 8166K, committed 8240K, reserved 1048576K
}
Event: 5.071 GC heap before
{Heap before GC invocations=10 (full 3):
 PSYoungGen      total 269824K, used 248320K [0x00000000d5580000, 0x00000000e8800000, 0x0000000100000000)
  eden space 248320K, 100% used [0x00000000d5580000,0x00000000e4800000,0x00000000e4800000)
  from space 21504K, 0% used [0x00000000e6380000,0x00000000e6380000,0x00000000e7880000)
  to   space 28160K, 0% used [0x00000000e4800000,0x00000000e4800000,0x00000000e6380000)
 ParOldGen       total 351232K, used 42177K [0x0000000080000000, 0x0000000095700000, 0x00000000d5580000)
  object space 351232K, 12% used [0x0000000080000000,0x0000000082930488,0x0000000095700000)
 Metaspace       used 66462K, capacity 69228K, committed 69400K, reserved 1107968K
  class space    used 9226K, capacity 9912K, committed 10032K, reserved 1048576K
Event: 5.081 GC heap after
Heap after GC invocations=10 (full 3):
 PSYoungGen      total 276480K, used 20642K [0x00000000d5580000, 0x00000000eb580000, 0x0000000100000000)
  eden space 248320K, 0% used [0x00000000d5580000,0x00000000d5580000,0x00000000e4800000)
  from space 28160K, 73% used [0x00000000e4800000,0x00000000e5c28ac8,0x00000000e6380000)
  to   space 28672K, 0% used [0x00000000e9980000,0x00000000e9980000,0x00000000eb580000)
 ParOldGen       total 351232K, used 42185K [0x0000000080000000, 0x0000000095700000, 0x00000000d5580000)
  object space 351232K, 12% used [0x0000000080000000,0x0000000082932488,0x0000000095700000)
 Metaspace       used 66462K, capacity 69228K, committed 69400K, reserved 1107968K
  class space    used 9226K, capacity 9912K, committed 10032K, reserved 1048576K
}
Event: 8.184 GC heap before
{Heap before GC invocations=11 (full 3):
 PSYoungGen      total 276480K, used 268962K [0x00000000d5580000, 0x00000000eb580000, 0x0000000100000000)
  eden space 248320K, 100% used [0x00000000d5580000,0x00000000e4800000,0x00000000e4800000)
  from space 28160K, 73% used [0x00000000e4800000,0x00000000e5c28ac8,0x00000000e6380000)
  to   space 28672K, 0% used [0x00000000e9980000,0x00000000e9980000,0x00000000eb580000)
 ParOldGen       total 351232K, used 42185K [0x0000000080000000, 0x0000000095700000, 0x00000000d5580000)
  object space 351232K, 12% used [0x0000000080000000,0x0000000082932488,0x0000000095700000)
 Metaspace       used 74201K, capacity 79260K, committed 79384K, reserved 1118208K
  class space    used 10296K, capacity 11276K, committed 11312K, reserved 1048576K
Event: 8.197 GC heap after
Heap after GC invocations=11 (full 3):
 PSYoungGen      total 324608K, used 28671K [0x00000000d5580000, 0x00000000eba80000, 0x0000000100000000)
  eden space 295936K, 0% used [0x00000000d5580000,0x00000000d5580000,0x00000000e7680000)
  from space 28672K, 99% used [0x00000000e9980000,0x00000000eb57fdd0,0x00000000eb580000)
  to   space 34816K, 0% used [0x00000000e7680000,0x00000000e7680000,0x00000000e9880000)
 ParOldGen       total 351232K, used 47603K [0x0000000080000000, 0x0000000095700000, 0x00000000d5580000)
  object space 351232K, 13% used [0x0000000080000000,0x0000000082e7cc20,0x0000000095700000)
 Metaspace       used 74201K, capacity 79260K, committed 79384K, reserved 1118208K
  class space    used 10296K, capacity 11276K, committed 11312K, reserved 1048576K
}
Event: 8.790 GC heap before
{Heap before GC invocations=12 (full 3):
 PSYoungGen      total 324608K, used 324607K [0x00000000d5580000, 0x00000000eba80000, 0x0000000100000000)
  eden space 295936K, 100% used [0x00000000d5580000,0x00000000e7680000,0x00000000e7680000)
  from space 28672K, 99% used [0x00000000e9980000,0x00000000eb57fdd0,0x00000000eb580000)
  to   space 34816K, 0% used [0x00000000e7680000,0x00000000e7680000,0x00000000e9880000)
 ParOldGen       total 351232K, used 47603K [0x0000000080000000, 0x0000000095700000, 0x00000000d5580000)
  object space 351232K, 13% used [0x0000000080000000,0x0000000082e7cc20,0x0000000095700000)
 Metaspace       used 79207K, capacity 84700K, committed 85016K, reserved 1122304K
  class space    used 10921K, capacity 11964K, committed 12080K, reserved 1048576K
Event: 8.805 GC heap after
Heap after GC invocations=12 (full 3):
 PSYoungGen      total 330752K, used 34803K [0x00000000d5580000, 0x00000000ef400000, 0x0000000100000000)
  eden space 295936K, 0% used [0x00000000d5580000,0x00000000d5580000,0x00000000e7680000)
  from space 34816K, 99% used [0x00000000e7680000,0x00000000e987cef0,0x00000000e9880000)
  to   space 42496K, 0% used [0x00000000eca80000,0x00000000eca80000,0x00000000ef400000)
 ParOldGen       total 351232K, used 54838K [0x0000000080000000, 0x0000000095700000, 0x00000000d5580000)
  object space 351232K, 15% used [0x0000000080000000,0x000000008358daa0,0x0000000095700000)
 Metaspace       used 79207K, capacity 84700K, committed 85016K, reserved 1122304K
  class space    used 10921K, capacity 11964K, committed 12080K, reserved 1048576K
}

