# JRE version: OpenJDK Runtime Environment (8.0_212-b04) (build 1.8.0_212-release-1586-b04)
# Java VM: OpenJDK 64-Bit Server VM (25.212-b04 mixed mode windows-amd64 compressed oops)
Heap:
 PSYoungGen      total 471040K, used 402040K [0x00000000d5580000, 0x00000000fb080000, 0x0000000100000000)
  eden space 443904K, 84% used [0x00000000d5580000,0x00000000ec39ed50,0x00000000f0700000)
  from space 27136K, 99% used [0x00000000f0700000,0x00000000f217f6a8,0x00000000f2180000)
  to   space 34304K, 0% used [0x00000000f8f00000,0x00000000f8f00000,0x00000000fb080000)
 ParOldGen       total 434688K, used 44552K [0x0000000080000000, 0x000000009a880000, 0x00000000d5580000)
  object space 434688K, 10% used [0x0000000080000000,0x0000000082b823c0,0x000000009a880000)
 Metaspace       used 80527K, capacity 85910K, committed 86296K, reserved 1124352K
  class space    used 10865K, capacity 11960K, committed 12080K, reserved 1048576K
GC Heap History (10 events):
Event: 8.256 GC heap before
{Heap before GC invocations=8 (full 2):
 PSYoungGen      total 195584K, used 190457K [0x00000000d5580000, 0x00000000e7000000, 0x0000000100000000)
  eden space 174080K, 100% used [0x00000000d5580000,0x00000000dff80000,0x00000000dff80000)
  from space 21504K, 76% used [0x00000000dff80000,0x00000000e0f7e760,0x00000000e1480000)
  to   space 18432K, 0% used [0x00000000e5e00000,0x00000000e5e00000,0x00000000e7000000)
 ParOldGen       total 352256K, used 17811K [0x0000000080000000, 0x0000000095800000, 0x00000000d5580000)
  object space 352256K, 5% used [0x0000000080000000,0x0000000081164fc0,0x0000000095800000)
 Metaspace       used 56581K, capacity 58854K, committed 58928K, reserved 1099776K
  class space    used 7676K, capacity 8196K, committed 8240K, reserved 1048576K
Event: 8.279 GC heap after
Heap after GC invocations=8 (full 2):
 PSYoungGen      total 263680K, used 18428K [0x00000000d5580000, 0x00000000e8580000, 0x0000000100000000)
  eden space 245248K, 0% used [0x00000000d5580000,0x00000000d5580000,0x00000000e4500000)
  from space 18432K, 99% used [0x00000000e5e00000,0x00000000e6fff320,0x00000000e7000000)
  to   space 25600K, 0% used [0x00000000e4500000,0x00000000e4500000,0x00000000e5e00000)
 ParOldGen       total 352256K, used 26696K [0x0000000080000000, 0x0000000095800000, 0x00000000d5580000)
  object space 352256K, 7% used [0x0000000080000000,0x0000000081a12368,0x0000000095800000)
 Metaspace       used 56581K, capacity 58854K, committed 58928K, reserved 1099776K
  class space    used 7676K, capacity 8196K, committed 8240K, reserved 1048576K
}
Event: 8.354 GC heap before
{Heap before GC invocations=9 (full 2):
 PSYoungGen      total 263680K, used 27823K [0x00000000d5580000, 0x00000000e8580000, 0x0000000100000000)
  eden space 245248K, 3% used [0x00000000d5580000,0x00000000d5eac988,0x00000000e4500000)
  from space 18432K, 99% used [0x00000000e5e00000,0x00000000e6fff320,0x00000000e7000000)
  to   space 25600K, 0% used [0x00000000e4500000,0x00000000e4500000,0x00000000e5e00000)
 ParOldGen       total 352256K, used 26696K [0x0000000080000000, 0x0000000095800000, 0x00000000d5580000)
  object space 352256K, 7% used [0x0000000080000000,0x0000000081a12368,0x0000000095800000)
 Metaspace       used 56721K, capacity 59046K, committed 59160K, reserved 1099776K
  class space    used 7699K, capacity 8239K, committed 8240K, reserved 1048576K
Event: 8.375 GC heap after
Heap after GC invocations=9 (full 2):
 PSYoungGen      total 270848K, used 19340K [0x00000000d5580000, 0x00000000f4100000, 0x0000000100000000)
  eden space 245248K, 0% used [0x00000000d5580000,0x00000000d5580000,0x00000000e4500000)
  from space 25600K, 75% used [0x00000000e4500000,0x00000000e57e3310,0x00000000e5e00000)
  to   space 26112K, 0% used [0x00000000f2780000,0x00000000f2780000,0x00000000f4100000)
 ParOldGen       total 352256K, used 26704K [0x0000000080000000, 0x0000000095800000, 0x00000000d5580000)
  object space 352256K, 7% used [0x0000000080000000,0x0000000081a14368,0x0000000095800000)
 Metaspace       used 56721K, capacity 59046K, committed 59160K, reserved 1099776K
  class space    used 7699K, capacity 8239K, committed 8240K, reserved 1048576K
}
Event: 8.375 GC heap before
{Heap before GC invocations=10 (full 3):
 PSYoungGen      total 270848K, used 19340K [0x00000000d5580000, 0x00000000f4100000, 0x0000000100000000)
  eden space 245248K, 0% used [0x00000000d5580000,0x00000000d5580000,0x00000000e4500000)
  from space 25600K, 75% used [0x00000000e4500000,0x00000000e57e3310,0x00000000e5e00000)
  to   space 26112K, 0% used [0x00000000f2780000,0x00000000f2780000,0x00000000f4100000)
 ParOldGen       total 352256K, used 26704K [0x0000000080000000, 0x0000000095800000, 0x00000000d5580000)
  object space 352256K, 7% used [0x0000000080000000,0x0000000081a14368,0x0000000095800000)
 Metaspace       used 56721K, capacity 59046K, committed 59160K, reserved 1099776K
  class space    used 7699K, capacity 8239K, committed 8240K, reserved 1048576K
Event: 8.534 GC heap after
Heap after GC invocations=10 (full 3):
 PSYoungGen      total 270848K, used 0K [0x00000000d5580000, 0x00000000f4100000, 0x0000000100000000)
  eden space 245248K, 0% used [0x00000000d5580000,0x00000000d5580000,0x00000000e4500000)
  from space 25600K, 0% used [0x00000000e4500000,0x00000000e4500000,0x00000000e5e00000)
  to   space 26112K, 0% used [0x00000000f2780000,0x00000000f2780000,0x00000000f4100000)
 ParOldGen       total 434688K, used 34693K [0x0000000080000000, 0x000000009a880000, 0x00000000d5580000)
  object space 434688K, 7% used [0x0000000080000000,0x00000000821e1448,0x000000009a880000)
 Metaspace       used 56669K, capacity 58866K, committed 59160K, reserved 1099776K
  class space    used 7682K, capacity 8209K, committed 8240K, reserved 1048576K
}
Event: 10.212 GC heap before
{Heap before GC invocations=11 (full 3):
 PSYoungGen      total 270848K, used 245248K [0x00000000d5580000, 0x00000000f4100000, 0x0000000100000000)
  eden space 245248K, 100% used [0x00000000d5580000,0x00000000e4500000,0x00000000e4500000)
  from space 25600K, 0% used [0x00000000e4500000,0x00000000e4500000,0x00000000e5e00000)
  to   space 26112K, 0% used [0x00000000f2780000,0x00000000f2780000,0x00000000f4100000)
 ParOldGen       total 434688K, used 34693K [0x0000000080000000, 0x000000009a880000, 0x00000000d5580000)
  object space 434688K, 7% used [0x0000000080000000,0x00000000821e1448,0x000000009a880000)
 Metaspace       used 66353K, capacity 69202K, committed 69272K, reserved 1107968K
  class space    used 9207K, capacity 9881K, committed 9904K, reserved 1048576K
Event: 10.226 GC heap after
Heap after GC invocations=11 (full 3):
 PSYoungGen      total 424960K, used 20754K [0x00000000d5580000, 0x00000000f3c00000, 0x0000000100000000)
  eden space 403968K, 0% used [0x00000000d5580000,0x00000000d5580000,0x00000000ee000000)
  from space 20992K, 98% used [0x00000000f2780000,0x00000000f3bc4980,0x00000000f3c00000)
  to   space 27136K, 0% used [0x00000000f0700000,0x00000000f0700000,0x00000000f2180000)
 ParOldGen       total 434688K, used 34701K [0x0000000080000000, 0x000000009a880000, 0x00000000d5580000)
  object space 434688K, 7% used [0x0000000080000000,0x00000000821e3448,0x000000009a880000)
 Metaspace       used 66353K, capacity 69202K, committed 69272K, reserved 1107968K
  class space    used 9207K, capacity 9881K, committed 9904K, reserved 1048576K
}
Event: 11.544 GC heap before
{Heap before GC invocations=12 (full 3):
 PSYoungGen      total 424960K, used 424722K [0x00000000d5580000, 0x00000000f3c00000, 0x0000000100000000)
  eden space 403968K, 100% used [0x00000000d5580000,0x00000000ee000000,0x00000000ee000000)
  from space 20992K, 98% used [0x00000000f2780000,0x00000000f3bc4980,0x00000000f3c00000)
  to   space 27136K, 0% used [0x00000000f0700000,0x00000000f0700000,0x00000000f2180000)
 ParOldGen       total 434688K, used 34701K [0x0000000080000000, 0x000000009a880000, 0x00000000d5580000)
  object space 434688K, 7% used [0x0000000080000000,0x00000000821e3448,0x000000009a880000)
 Metaspace       used 73972K, capacity 78672K, committed 79000K, reserved 1118208K
  class space    used 10248K, capacity 11162K, committed 11184K, reserved 1048576K
Event: 11.559 GC heap after
Heap after GC invocations=12 (full 3):
 PSYoungGen      total 471040K, used 27133K [0x00000000d5580000, 0x00000000fb080000, 0x0000000100000000)
  eden space 443904K, 0% used [0x00000000d5580000,0x00000000d5580000,0x00000000f0700000)
  from space 27136K, 99% used [0x00000000f0700000,0x00000000f217f6a8,0x00000000f2180000)
  to   space 34304K, 0% used [0x00000000f8f00000,0x00000000f8f00000,0x00000000fb080000)
 ParOldGen       total 434688K, used 44552K [0x0000000080000000, 0x000000009a880000, 0x00000000d5580000)
  object space 434688K, 10% used [0x0000000080000000,0x0000000082b823c0,0x000000009a880000)
 Metaspace       used 73972K, capacity 78672K, committed 79000K, reserved 1118208K
  class space    used 10248K, capacity 11162K, committed 11184K, reserved 1048576K
}

