# JRE version: OpenJDK Runtime Environment (8.0_212-b04) (build 1.8.0_212-release-1586-b04)
# Java VM: OpenJDK 64-Bit Server VM (25.212-b04 mixed mode windows-amd64 compressed oops)
Heap:
 PSYoungGen      total 281600K, used 33011K [0x00000000d5580000, 0x00000000eba80000, 0x0000000100000000)
  eden space 255488K, 3% used [0x00000000d5580000,0x00000000d5eac340,0x00000000e4f00000)
  from space 26112K, 90% used [0x00000000e4f00000,0x00000000e6610ca0,0x00000000e6880000)
  to   space 28672K, 0% used [0x00000000e9e80000,0x00000000e9e80000,0x00000000eba80000)
 ParOldGen       total 511488K, used 36153K [0x0000000080000000, 0x000000009f380000, 0x00000000d5580000)
  object space 511488K, 7% used [0x0000000080000000,0x000000008234e630,0x000000009f380000)
 Metaspace       used 69378K, capacity 72134K, committed 72344K, reserved 1112064K
  class space    used 9204K, capacity 9871K, committed 9904K, reserved 1048576K
GC Heap History (10 events):
Event: 2.171 GC heap before
{Heap before GC invocations=6 (full 2):
 PSYoungGen      total 211968K, used 10975K [0x00000000d5580000, 0x00000000e4180000, 0x0000000100000000)
  eden space 190464K, 0% used [0x00000000d5580000,0x00000000d5580000,0x00000000e0f80000)
  from space 21504K, 51% used [0x00000000e2480000,0x00000000e2f37da8,0x00000000e3980000)
  to   space 21504K, 0% used [0x00000000e0f80000,0x00000000e0f80000,0x00000000e2480000)
 ParOldGen       total 216064K, used 13666K [0x0000000080000000, 0x000000008d300000, 0x00000000d5580000)
  object space 216064K, 6% used [0x0000000080000000,0x0000000080d58ab0,0x000000008d300000)
 Metaspace       used 34464K, capacity 35282K, committed 35496K, reserved 1079296K
  class space    used 4688K, capacity 4934K, committed 5040K, reserved 1048576K
Event: 2.198 GC heap after
Heap after GC invocations=6 (full 2):
 PSYoungGen      total 211968K, used 0K [0x00000000d5580000, 0x00000000e4180000, 0x0000000100000000)
  eden space 190464K, 0% used [0x00000000d5580000,0x00000000d5580000,0x00000000e0f80000)
  from space 21504K, 0% used [0x00000000e2480000,0x00000000e2480000,0x00000000e3980000)
  to   space 21504K, 0% used [0x00000000e0f80000,0x00000000e0f80000,0x00000000e2480000)
 ParOldGen       total 345088K, used 17214K [0x0000000080000000, 0x0000000095100000, 0x00000000d5580000)
  object space 345088K, 4% used [0x0000000080000000,0x00000000810cfb80,0x0000000095100000)
 Metaspace       used 34464K, capacity 35282K, committed 35496K, reserved 1079296K
  class space    used 4688K, capacity 4934K, committed 5040K, reserved 1048576K
}
Event: 3.249 GC heap before
{Heap before GC invocations=7 (full 2):
 PSYoungGen      total 211968K, used 190464K [0x00000000d5580000, 0x00000000e4180000, 0x0000000100000000)
  eden space 190464K, 100% used [0x00000000d5580000,0x00000000e0f80000,0x00000000e0f80000)
  from space 21504K, 0% used [0x00000000e2480000,0x00000000e2480000,0x00000000e3980000)
  to   space 21504K, 0% used [0x00000000e0f80000,0x00000000e0f80000,0x00000000e2480000)
 ParOldGen       total 345088K, used 17214K [0x0000000080000000, 0x0000000095100000, 0x00000000d5580000)
  object space 345088K, 4% used [0x0000000080000000,0x00000000810cfb80,0x0000000095100000)
 Metaspace       used 51405K, capacity 53026K, committed 53160K, reserved 1095680K
  class space    used 6661K, capacity 7073K, committed 7088K, reserved 1048576K
Event: 3.259 GC heap after
Heap after GC invocations=7 (full 2):
 PSYoungGen      total 211968K, used 21484K [0x00000000d5580000, 0x00000000e7e80000, 0x0000000100000000)
  eden space 190464K, 0% used [0x00000000d5580000,0x00000000d5580000,0x00000000e0f80000)
  from space 21504K, 99% used [0x00000000e0f80000,0x00000000e247b0f0,0x00000000e2480000)
  to   space 22528K, 0% used [0x00000000e6880000,0x00000000e6880000,0x00000000e7e80000)
 ParOldGen       total 345088K, used 18578K [0x0000000080000000, 0x0000000095100000, 0x00000000d5580000)
  object space 345088K, 5% used [0x0000000080000000,0x0000000081224b20,0x0000000095100000)
 Metaspace       used 51405K, capacity 53026K, committed 53160K, reserved 1095680K
  class space    used 6661K, capacity 7073K, committed 7088K, reserved 1048576K
}
Event: 3.736 GC heap before
{Heap before GC invocations=8 (full 2):
 PSYoungGen      total 211968K, used 137673K [0x00000000d5580000, 0x00000000e7e80000, 0x0000000100000000)
  eden space 190464K, 61% used [0x00000000d5580000,0x00000000dc6f7450,0x00000000e0f80000)
  from space 21504K, 99% used [0x00000000e0f80000,0x00000000e247b0f0,0x00000000e2480000)
  to   space 22528K, 0% used [0x00000000e6880000,0x00000000e6880000,0x00000000e7e80000)
 ParOldGen       total 345088K, used 18578K [0x0000000080000000, 0x0000000095100000, 0x00000000d5580000)
  object space 345088K, 5% used [0x0000000080000000,0x0000000081224b20,0x0000000095100000)
 Metaspace       used 56861K, capacity 58922K, committed 59160K, reserved 1099776K
  class space    used 7487K, capacity 7977K, committed 7984K, reserved 1048576K
Event: 3.746 GC heap after
Heap after GC invocations=8 (full 2):
 PSYoungGen      total 278016K, used 22515K [0x00000000d5580000, 0x00000000e8b80000, 0x0000000100000000)
  eden space 255488K, 0% used [0x00000000d5580000,0x00000000d5580000,0x00000000e4f00000)
  from space 22528K, 99% used [0x00000000e6880000,0x00000000e7e7ce00,0x00000000e7e80000)
  to   space 26112K, 0% used [0x00000000e4f00000,0x00000000e4f00000,0x00000000e6880000)
 ParOldGen       total 345088K, used 19135K [0x0000000080000000, 0x0000000095100000, 0x00000000d5580000)
  object space 345088K, 5% used [0x0000000080000000,0x00000000812afc00,0x0000000095100000)
 Metaspace       used 56861K, capacity 58922K, committed 59160K, reserved 1099776K
  class space    used 7487K, capacity 7977K, committed 7984K, reserved 1048576K
}
Event: 3.746 GC heap before
{Heap before GC invocations=9 (full 3):
 PSYoungGen      total 278016K, used 22515K [0x00000000d5580000, 0x00000000e8b80000, 0x0000000100000000)
  eden space 255488K, 0% used [0x00000000d5580000,0x00000000d5580000,0x00000000e4f00000)
  from space 22528K, 99% used [0x00000000e6880000,0x00000000e7e7ce00,0x00000000e7e80000)
  to   space 26112K, 0% used [0x00000000e4f00000,0x00000000e4f00000,0x00000000e6880000)
 ParOldGen       total 345088K, used 19135K [0x0000000080000000, 0x0000000095100000, 0x00000000d5580000)
  object space 345088K, 5% used [0x0000000080000000,0x00000000812afc00,0x0000000095100000)
 Metaspace       used 56861K, capacity 58922K, committed 59160K, reserved 1099776K
  class space    used 7487K, capacity 7977K, committed 7984K, reserved 1048576K
Event: 3.883 GC heap after
Heap after GC invocations=9 (full 3):
 PSYoungGen      total 278016K, used 0K [0x00000000d5580000, 0x00000000e8b80000, 0x0000000100000000)
  eden space 255488K, 0% used [0x00000000d5580000,0x00000000d5580000,0x00000000e4f00000)
  from space 22528K, 0% used [0x00000000e6880000,0x00000000e6880000,0x00000000e7e80000)
  to   space 26112K, 0% used [0x00000000e4f00000,0x00000000e4f00000,0x00000000e6880000)
 ParOldGen       total 511488K, used 36145K [0x0000000080000000, 0x000000009f380000, 0x00000000d5580000)
  object space 511488K, 7% used [0x0000000080000000,0x000000008234c630,0x000000009f380000)
 Metaspace       used 56721K, capacity 58484K, committed 59160K, reserved 1099776K
  class space    used 7447K, capacity 7884K, committed 7984K, reserved 1048576K
}
Event: 64.079 GC heap before
{Heap before GC invocations=10 (full 3):
 PSYoungGen      total 278016K, used 255488K [0x00000000d5580000, 0x00000000e8b80000, 0x0000000100000000)
  eden space 255488K, 100% used [0x00000000d5580000,0x00000000e4f00000,0x00000000e4f00000)
  from space 22528K, 0% used [0x00000000e6880000,0x00000000e6880000,0x00000000e7e80000)
  to   space 26112K, 0% used [0x00000000e4f00000,0x00000000e4f00000,0x00000000e6880000)
 ParOldGen       total 511488K, used 36145K [0x0000000080000000, 0x000000009f380000, 0x00000000d5580000)
  object space 511488K, 7% used [0x0000000080000000,0x000000008234c630,0x000000009f380000)
 Metaspace       used 69320K, capacity 72024K, committed 72088K, reserved 1112064K
  class space    used 9195K, capacity 9858K, committed 9904K, reserved 1048576K
Event: 64.090 GC heap after
Heap after GC invocations=10 (full 3):
 PSYoungGen      total 281600K, used 23619K [0x00000000d5580000, 0x00000000eba80000, 0x0000000100000000)
  eden space 255488K, 0% used [0x00000000d5580000,0x00000000d5580000,0x00000000e4f00000)
  from space 26112K, 90% used [0x00000000e4f00000,0x00000000e6610ca0,0x00000000e6880000)
  to   space 28672K, 0% used [0x00000000e9e80000,0x00000000e9e80000,0x00000000eba80000)
 ParOldGen       total 511488K, used 36153K [0x0000000080000000, 0x000000009f380000, 0x00000000d5580000)
  object space 511488K, 7% used [0x0000000080000000,0x000000008234e630,0x000000009f380000)
 Metaspace       used 69320K, capacity 72024K, committed 72088K, reserved 1112064K
  class space    used 9195K, capacity 9858K, committed 9904K, reserved 1048576K
}

